-------------------------------------------------------------------------------
Test set: com.shehab.DemoUtilsTest
-------------------------------------------------------------------------------
Tests run: 9, Failures: 1, Errors: 0, Skipped: 0, Time elapsed: 1.095 s <<< FAILURE! - in com.shehab.DemoUtilsTest
com.shehab.DemoUtilsTest.testTimeOut  Time elapsed: 1.011 s  <<< FAILURE!
org.opentest4j.AssertionFailedError: execution timed out after 1000 ms
	at com.shehab.DemoUtilsTest.testTimeOut(DemoUtilsTest.java:95)
Caused by: org.junit.jupiter.api.AssertTimeout$ExecutionTimeoutException: Execution timed out in thread junit-timeout-thread-1

